version: 1
creator: xdebug 3.0.4 (PHP 7.4.16)
cmd: /var/www/html/calc/profiling_opt.php
part: 1
positions: line

events: Time_(10ns) Memory_(bytes)

fl=(2) /var/www/html/calc/math_lib.php
fn=(1) include::/var/www/html/calc/math_lib.php
1 185 0

fl=(1) php:internal
fn=(2) php::fopen
11 1512 560

fl=(1)
fn=(3) php::fgetc
21 352 8224

fl=(1)
fn=(4) php::IntlChar::isspace
22 1137 0

fl=(1)
fn=(5) php::feof
30 28 0

fl=(1)
fn=(5)
37 7 0

fl=(1)
fn=(3)
21 23 32

fl=(1)
fn=(4)
22 21 0

fl=(1)
fn=(5)
30 10 0

fl=(1)
fn=(5)
37 7 0

fl=(1)
fn=(3)
21 15 32

fl=(1)
fn=(4)
22 12 0

fl=(1)
fn=(5)
30 8 0

fl=(1)
fn=(5)
37 7 0

fl=(1)
fn=(3)
21 12 32

fl=(1)
fn=(4)
22 22 0

fl=(1)
fn=(6) php::trim
22 35 0

fl=(2)
fn=(7) Calculator->Sum
106 144 0

fl=(1)
fn=(8) php::pow
136 67 0

fl=(2)
fn=(9) Calculator->Power
131 259 0
cfl=(1)
cfn=(8)
calls=1 0 0
136 67 0

fl=(2)
fn=(7)
106 23 0

fl=(2)
fn=(7)
106 9 0

fl=(1)
fn=(5)
37 15 0

fl=(1)
fn=(3)
21 12 32

fl=(1)
fn=(4)
22 23 0

fl=(1)
fn=(5)
30 9 0

fl=(1)
fn=(5)
37 7 0

fl=(1)
fn=(3)
21 12 32

fl=(1)
fn=(4)
22 13 0

fl=(1)
fn=(5)
30 9 0

fl=(1)
fn=(5)
37 7 0

fl=(1)
fn=(3)
21 12 32

fl=(1)
fn=(4)
22 13 0

fl=(1)
fn=(5)
30 9 0

fl=(1)
fn=(5)
37 7 0

fl=(1)
fn=(3)
21 12 32

fl=(1)
fn=(4)
22 12 0

fl=(1)
fn=(5)
30 9 0

fl=(1)
fn=(5)
37 7 0

fl=(1)
fn=(3)
21 13 32

fl=(1)
fn=(4)
22 16 0

fl=(1)
fn=(6)
22 14 0

fl=(2)
fn=(7)
106 25 0

fl=(1)
fn=(8)
136 25 0

fl=(2)
fn=(9)
131 121 0
cfl=(1)
cfn=(8)
calls=1 0 0
136 25 0

fl=(2)
fn=(7)
106 12 0

fl=(2)
fn=(7)
106 9 0

fl=(1)
fn=(5)
37 15 0

fl=(1)
fn=(3)
21 18 32

fl=(1)
fn=(4)
22 27 0

fl=(1)
fn=(5)
30 14 0

fl=(1)
fn=(5)
37 15 0

fl=(1)
fn=(3)
21 16 32

fl=(1)
fn=(4)
22 21 0

fl=(1)
fn=(5)
30 16 0

fl=(1)
fn=(5)
37 10 0

fl=(1)
fn=(3)
21 15 32

fl=(1)
fn=(4)
22 18 0

fl=(1)
fn=(5)
30 14 0

fl=(1)
fn=(5)
37 15 0

fl=(1)
fn=(3)
21 15 32

fl=(1)
fn=(4)
22 22 0

fl=(1)
fn=(5)
30 15 0

fl=(1)
fn=(5)
37 12 0

fl=(1)
fn=(3)
21 17 32

fl=(1)
fn=(4)
22 29 0

fl=(1)
fn=(6)
22 16 0

fl=(2)
fn=(7)
106 35 0

fl=(1)
fn=(8)
136 41 0

fl=(2)
fn=(9)
131 432 0
cfl=(1)
cfn=(8)
calls=1 0 0
136 41 0

fl=(2)
fn=(7)
106 21 0

fl=(2)
fn=(7)
106 12 0

fl=(1)
fn=(5)
37 19 0

fl=(1)
fn=(3)
21 18 32

fl=(1)
fn=(4)
22 24 0

fl=(1)
fn=(5)
30 13 0

fl=(1)
fn=(5)
37 12 0

fl=(1)
fn=(3)
21 13 32

fl=(1)
fn=(4)
22 20 0

fl=(1)
fn=(5)
30 16 0

fl=(1)
fn=(5)
37 12 0

fl=(1)
fn=(3)
21 12 32

fl=(1)
fn=(4)
22 19 0

fl=(1)
fn=(5)
30 14 0

fl=(1)
fn=(5)
37 11 0

fl=(1)
fn=(3)
21 14 32

fl=(1)
fn=(4)
22 22 0

fl=(1)
fn=(5)
30 16 0

fl=(1)
fn=(5)
37 13 0

fl=(1)
fn=(3)
21 15 32

fl=(1)
fn=(4)
22 25 0

fl=(1)
fn=(6)
22 23 0

fl=(2)
fn=(7)
106 42 0

fl=(1)
fn=(8)
136 33 0

fl=(2)
fn=(9)
131 143 0
cfl=(1)
cfn=(8)
calls=1 0 0
136 33 0

fl=(2)
fn=(7)
106 16 0

fl=(2)
fn=(7)
106 12 0

fl=(1)
fn=(5)
37 20 0

fl=(1)
fn=(3)
21 26 32

fl=(1)
fn=(4)
22 31 0

fl=(1)
fn=(5)
30 16 0

fl=(1)
fn=(5)
37 13 0

fl=(1)
fn=(3)
21 17 32

fl=(1)
fn=(4)
22 23 0

fl=(1)
fn=(5)
30 13 0

fl=(1)
fn=(5)
37 7 0

fl=(1)
fn=(3)
21 12 32

fl=(1)
fn=(4)
22 17 0

fl=(1)
fn=(5)
30 9 0

fl=(1)
fn=(5)
37 7 0

fl=(1)
fn=(3)
21 10 32

fl=(1)
fn=(4)
22 12 0

fl=(1)
fn=(5)
30 9 0

fl=(1)
fn=(5)
37 7 0

fl=(1)
fn=(3)
21 10 32

fl=(1)
fn=(4)
22 15 0

fl=(1)
fn=(6)
22 13 0

fl=(2)
fn=(7)
106 36 0

fl=(1)
fn=(8)
136 27 0

fl=(2)
fn=(9)
131 104 0
cfl=(1)
cfn=(8)
calls=1 0 0
136 27 0

fl=(2)
fn=(7)
106 10 0

fl=(2)
fn=(7)
106 9 0

fl=(1)
fn=(5)
37 12 0

fl=(1)
fn=(3)
21 13 32

fl=(1)
fn=(4)
22 16 0

fl=(1)
fn=(5)
30 11 0

fl=(1)
fn=(5)
37 7 0

fl=(1)
fn=(3)
21 11 32

fl=(1)
fn=(4)
22 13 0

fl=(1)
fn=(5)
30 11 0

fl=(1)
fn=(5)
37 7 0

fl=(1)
fn=(3)
21 12 32

fl=(1)
fn=(4)
22 12 0

fl=(1)
fn=(5)
30 11 0

fl=(1)
fn=(5)
37 7 0

fl=(1)
fn=(3)
21 12 32

fl=(1)
fn=(4)
22 13 0

fl=(1)
fn=(5)
30 12 0

fl=(1)
fn=(5)
37 7 0

fl=(1)
fn=(3)
21 12 32

fl=(1)
fn=(4)
22 15 0

fl=(1)
fn=(6)
22 9 0

fl=(2)
fn=(7)
106 19 0

fl=(1)
fn=(8)
136 18 0

fl=(2)
fn=(9)
131 95 0
cfl=(1)
cfn=(8)
calls=1 0 0
136 18 0

fl=(2)
fn=(7)
106 10 0

fl=(2)
fn=(7)
106 9 0

fl=(1)
fn=(5)
37 13 0

fl=(1)
fn=(3)
21 13 32

fl=(1)
fn=(4)
22 14 0

fl=(1)
fn=(5)
30 11 0

fl=(1)
fn=(5)
37 7 0

fl=(1)
fn=(3)
21 12 32

fl=(1)
fn=(4)
22 12 0

fl=(1)
fn=(5)
30 11 0

fl=(1)
fn=(5)
37 7 0

fl=(1)
fn=(3)
21 12 32

fl=(1)
fn=(4)
22 12 0

fl=(1)
fn=(5)
30 33 0

fl=(1)
fn=(5)
37 7 0

fl=(1)
fn=(3)
21 21 32

fl=(1)
fn=(4)
22 30 0

fl=(1)
fn=(5)
30 9 0

fl=(1)
fn=(5)
37 7 0

fl=(1)
fn=(3)
21 14 32

fl=(1)
fn=(4)
22 16 0

fl=(1)
fn=(6)
22 13 0

fl=(2)
fn=(7)
106 46 0

fl=(1)
fn=(8)
136 29 0

fl=(2)
fn=(9)
131 383 0
cfl=(1)
cfn=(8)
calls=1 0 0
136 29 0

fl=(2)
fn=(7)
106 14 0

fl=(2)
fn=(7)
106 9 0

fl=(1)
fn=(5)
37 17 0

fl=(1)
fn=(3)
21 13 32

fl=(1)
fn=(4)
22 21 0

fl=(1)
fn=(5)
30 11 0

fl=(1)
fn=(5)
37 7 0

fl=(1)
fn=(3)
21 11 32

fl=(1)
fn=(4)
22 12 0

fl=(1)
fn=(5)
30 11 0

fl=(1)
fn=(5)
37 7 0

fl=(1)
fn=(3)
21 12 32

fl=(1)
fn=(4)
22 12 0

fl=(1)
fn=(5)
30 11 0

fl=(1)
fn=(5)
37 7 0

fl=(1)
fn=(3)
21 12 32

fl=(1)
fn=(4)
22 12 0

fl=(1)
fn=(5)
30 11 0

fl=(1)
fn=(5)
37 7 0

fl=(1)
fn=(3)
21 12 32

fl=(1)
fn=(4)
22 14 0

fl=(1)
fn=(6)
22 11 0

fl=(2)
fn=(7)
106 21 0

fl=(1)
fn=(8)
136 18 0

fl=(2)
fn=(9)
131 92 0
cfl=(1)
cfn=(8)
calls=1 0 0
136 18 0

fl=(2)
fn=(7)
106 10 0

fl=(2)
fn=(7)
106 9 0

fl=(1)
fn=(5)
37 12 0

fl=(1)
fn=(3)
21 11 32

fl=(1)
fn=(4)
22 15 0

fl=(1)
fn=(5)
30 9 0

fl=(1)
fn=(5)
37 7 0

fl=(1)
fn=(3)
21 10 32

fl=(1)
fn=(4)
22 14 0

fl=(1)
fn=(5)
30 9 0

fl=(1)
fn=(5)
37 7 0

fl=(1)
fn=(3)
21 10 32

fl=(1)
fn=(4)
22 12 0

fl=(1)
fn=(5)
30 9 0

fl=(1)
fn=(5)
37 7 0

fl=(1)
fn=(3)
21 10 32

fl=(1)
fn=(4)
22 12 0

fl=(1)
fn=(5)
30 9 0

fl=(1)
fn=(5)
37 7 0

fl=(1)
fn=(3)
21 10 32

fl=(1)
fn=(4)
22 14 0

fl=(1)
fn=(6)
22 10 0

fl=(2)
fn=(7)
106 18 0

fl=(1)
fn=(8)
136 17 0

fl=(2)
fn=(9)
131 98 0
cfl=(1)
cfn=(8)
calls=1 0 0
136 17 0

fl=(2)
fn=(7)
106 10 0

fl=(2)
fn=(7)
106 9 0

fl=(1)
fn=(5)
37 13 0

fl=(1)
fn=(3)
21 11 32

fl=(1)
fn=(4)
22 15 0

fl=(1)
fn=(5)
30 9 0

fl=(1)
fn=(5)
37 7 0

fl=(1)
fn=(3)
21 10 32

fl=(1)
fn=(4)
22 12 0

fl=(1)
fn=(5)
30 9 0

fl=(1)
fn=(5)
37 7 0

fl=(1)
fn=(3)
21 10 32

fl=(1)
fn=(4)
22 12 0

fl=(1)
fn=(5)
30 9 0

fl=(1)
fn=(5)
37 7 0

fl=(1)
fn=(3)
21 10 32

fl=(1)
fn=(4)
22 13 0

fl=(1)
fn=(5)
30 9 0

fl=(1)
fn=(5)
37 7 0

fl=(1)
fn=(3)
21 16 32

fl=(1)
fn=(4)
22 12 0

fl=(1)
fn=(6)
22 10 0

fl=(2)
fn=(7)
106 19 0

fl=(1)
fn=(8)
136 18 0

fl=(2)
fn=(9)
131 95 0
cfl=(1)
cfn=(8)
calls=1 0 0
136 18 0

fl=(2)
fn=(7)
106 11 0

fl=(2)
fn=(7)
106 9 0

fl=(1)
fn=(5)
37 29 0

fl=(1)
fn=(3)
21 196 0

fl=(1)
fn=(4)
22 33 0

fl=(1)
fn=(5)
30 13 0

fl=(1)
fn=(6)
30 13 0

fl=(1)
fn=(5)
37 9 0

fl=(2)
fn=(10) Calculator->Divide
34 50 0

fl=(1)
fn=(8)
136 1353 0

fl=(2)
fn=(9)
131 141 0
cfl=(1)
cfn=(8)
calls=1 0 0
136 1353 0

fl=(2)
fn=(11) Calculator->Multiply
86 30 0

fl=(2)
fn=(12) Calculator->Subtract
96 19 0

fl=(2)
fn=(12)
96 13 0

fl=(2)
fn=(10)
34 24 0

fl=(1)
fn=(8)
163 28 0

fl=(2)
fn=(13) Calculator->Root
149 140 0
cfl=(1)
cfn=(8)
calls=1 0 0
163 28 0

fl=(1)
fn=(14) php::fclose
46 288 0

fl=(3) /var/www/html/calc/profiling_opt.php
fn=(15) {main}
1 68794 0
cfl=(2)
cfn=(1)
calls=1 0 0
3 185 0
cfl=(1)
cfn=(2)
calls=1 0 0
11 1512 560
cfl=(1)
cfn=(3)
calls=1 0 0
21 352 8224
cfl=(1)
cfn=(4)
calls=1 0 0
22 1137 0
cfl=(1)
cfn=(5)
calls=1 0 0
30 28 0
cfl=(1)
cfn=(5)
calls=1 0 0
37 7 0
cfl=(1)
cfn=(3)
calls=1 0 0
21 23 32
cfl=(1)
cfn=(4)
calls=1 0 0
22 21 0
cfl=(1)
cfn=(5)
calls=1 0 0
30 10 0
cfl=(1)
cfn=(5)
calls=1 0 0
37 7 0
cfl=(1)
cfn=(3)
calls=1 0 0
21 15 32
cfl=(1)
cfn=(4)
calls=1 0 0
22 12 0
cfl=(1)
cfn=(5)
calls=1 0 0
30 8 0
cfl=(1)
cfn=(5)
calls=1 0 0
37 7 0
cfl=(1)
cfn=(3)
calls=1 0 0
21 12 32
cfl=(1)
cfn=(4)
calls=1 0 0
22 22 0
cfl=(1)
cfn=(6)
calls=1 0 0
22 35 0
cfl=(2)
cfn=(7)
calls=1 0 0
23 144 0
cfl=(2)
cfn=(9)
calls=1 0 0
24 325 0
cfl=(2)
cfn=(7)
calls=1 0 0
24 23 0
cfl=(2)
cfn=(7)
calls=1 0 0
25 9 0
cfl=(1)
cfn=(5)
calls=1 0 0
37 15 0
cfl=(1)
cfn=(3)
calls=1 0 0
21 12 32
cfl=(1)
cfn=(4)
calls=1 0 0
22 23 0
cfl=(1)
cfn=(5)
calls=1 0 0
30 9 0
cfl=(1)
cfn=(5)
calls=1 0 0
37 7 0
cfl=(1)
cfn=(3)
calls=1 0 0
21 12 32
cfl=(1)
cfn=(4)
calls=1 0 0
22 13 0
cfl=(1)
cfn=(5)
calls=1 0 0
30 9 0
cfl=(1)
cfn=(5)
calls=1 0 0
37 7 0
cfl=(1)
cfn=(3)
calls=1 0 0
21 12 32
cfl=(1)
cfn=(4)
calls=1 0 0
22 13 0
cfl=(1)
cfn=(5)
calls=1 0 0
30 9 0
cfl=(1)
cfn=(5)
calls=1 0 0
37 7 0
cfl=(1)
cfn=(3)
calls=1 0 0
21 12 32
cfl=(1)
cfn=(4)
calls=1 0 0
22 12 0
cfl=(1)
cfn=(5)
calls=1 0 0
30 9 0
cfl=(1)
cfn=(5)
calls=1 0 0
37 7 0
cfl=(1)
cfn=(3)
calls=1 0 0
21 13 32
cfl=(1)
cfn=(4)
calls=1 0 0
22 16 0
cfl=(1)
cfn=(6)
calls=1 0 0
22 14 0
cfl=(2)
cfn=(7)
calls=1 0 0
23 25 0
cfl=(2)
cfn=(9)
calls=1 0 0
24 146 0
cfl=(2)
cfn=(7)
calls=1 0 0
24 12 0
cfl=(2)
cfn=(7)
calls=1 0 0
25 9 0
cfl=(1)
cfn=(5)
calls=1 0 0
37 15 0
cfl=(1)
cfn=(3)
calls=1 0 0
21 18 32
cfl=(1)
cfn=(4)
calls=1 0 0
22 27 0
cfl=(1)
cfn=(5)
calls=1 0 0
30 14 0
cfl=(1)
cfn=(5)
calls=1 0 0
37 15 0
cfl=(1)
cfn=(3)
calls=1 0 0
21 16 32
cfl=(1)
cfn=(4)
calls=1 0 0
22 21 0
cfl=(1)
cfn=(5)
calls=1 0 0
30 16 0
cfl=(1)
cfn=(5)
calls=1 0 0
37 10 0
cfl=(1)
cfn=(3)
calls=1 0 0
21 15 32
cfl=(1)
cfn=(4)
calls=1 0 0
22 18 0
cfl=(1)
cfn=(5)
calls=1 0 0
30 14 0
cfl=(1)
cfn=(5)
calls=1 0 0
37 15 0
cfl=(1)
cfn=(3)
calls=1 0 0
21 15 32
cfl=(1)
cfn=(4)
calls=1 0 0
22 22 0
cfl=(1)
cfn=(5)
calls=1 0 0
30 15 0
cfl=(1)
cfn=(5)
calls=1 0 0
37 12 0
cfl=(1)
cfn=(3)
calls=1 0 0
21 17 32
cfl=(1)
cfn=(4)
calls=1 0 0
22 29 0
cfl=(1)
cfn=(6)
calls=1 0 0
22 16 0
cfl=(2)
cfn=(7)
calls=1 0 0
23 35 0
cfl=(2)
cfn=(9)
calls=1 0 0
24 473 0
cfl=(2)
cfn=(7)
calls=1 0 0
24 21 0
cfl=(2)
cfn=(7)
calls=1 0 0
25 12 0
cfl=(1)
cfn=(5)
calls=1 0 0
37 19 0
cfl=(1)
cfn=(3)
calls=1 0 0
21 18 32
cfl=(1)
cfn=(4)
calls=1 0 0
22 24 0
cfl=(1)
cfn=(5)
calls=1 0 0
30 13 0
cfl=(1)
cfn=(5)
calls=1 0 0
37 12 0
cfl=(1)
cfn=(3)
calls=1 0 0
21 13 32
cfl=(1)
cfn=(4)
calls=1 0 0
22 20 0
cfl=(1)
cfn=(5)
calls=1 0 0
30 16 0
cfl=(1)
cfn=(5)
calls=1 0 0
37 12 0
cfl=(1)
cfn=(3)
calls=1 0 0
21 12 32
cfl=(1)
cfn=(4)
calls=1 0 0
22 19 0
cfl=(1)
cfn=(5)
calls=1 0 0
30 14 0
cfl=(1)
cfn=(5)
calls=1 0 0
37 11 0
cfl=(1)
cfn=(3)
calls=1 0 0
21 14 32
cfl=(1)
cfn=(4)
calls=1 0 0
22 22 0
cfl=(1)
cfn=(5)
calls=1 0 0
30 16 0
cfl=(1)
cfn=(5)
calls=1 0 0
37 13 0
cfl=(1)
cfn=(3)
calls=1 0 0
21 15 32
cfl=(1)
cfn=(4)
calls=1 0 0
22 25 0
cfl=(1)
cfn=(6)
calls=1 0 0
22 23 0
cfl=(2)
cfn=(7)
calls=1 0 0
23 42 0
cfl=(2)
cfn=(9)
calls=1 0 0
24 176 0
cfl=(2)
cfn=(7)
calls=1 0 0
24 16 0
cfl=(2)
cfn=(7)
calls=1 0 0
25 12 0
cfl=(1)
cfn=(5)
calls=1 0 0
37 20 0
cfl=(1)
cfn=(3)
calls=1 0 0
21 26 32
cfl=(1)
cfn=(4)
calls=1 0 0
22 31 0
cfl=(1)
cfn=(5)
calls=1 0 0
30 16 0
cfl=(1)
cfn=(5)
calls=1 0 0
37 13 0
cfl=(1)
cfn=(3)
calls=1 0 0
21 17 32
cfl=(1)
cfn=(4)
calls=1 0 0
22 23 0
cfl=(1)
cfn=(5)
calls=1 0 0
30 13 0
cfl=(1)
cfn=(5)
calls=1 0 0
37 7 0
cfl=(1)
cfn=(3)
calls=1 0 0
21 12 32
cfl=(1)
cfn=(4)
calls=1 0 0
22 17 0
cfl=(1)
cfn=(5)
calls=1 0 0
30 9 0
cfl=(1)
cfn=(5)
calls=1 0 0
37 7 0
cfl=(1)
cfn=(3)
calls=1 0 0
21 10 32
cfl=(1)
cfn=(4)
calls=1 0 0
22 12 0
cfl=(1)
cfn=(5)
calls=1 0 0
30 9 0
cfl=(1)
cfn=(5)
calls=1 0 0
37 7 0
cfl=(1)
cfn=(3)
calls=1 0 0
21 10 32
cfl=(1)
cfn=(4)
calls=1 0 0
22 15 0
cfl=(1)
cfn=(6)
calls=1 0 0
22 13 0
cfl=(2)
cfn=(7)
calls=1 0 0
23 36 0
cfl=(2)
cfn=(9)
calls=1 0 0
24 131 0
cfl=(2)
cfn=(7)
calls=1 0 0
24 10 0
cfl=(2)
cfn=(7)
calls=1 0 0
25 9 0
cfl=(1)
cfn=(5)
calls=1 0 0
37 12 0
cfl=(1)
cfn=(3)
calls=1 0 0
21 13 32
cfl=(1)
cfn=(4)
calls=1 0 0
22 16 0
cfl=(1)
cfn=(5)
calls=1 0 0
30 11 0
cfl=(1)
cfn=(5)
calls=1 0 0
37 7 0
cfl=(1)
cfn=(3)
calls=1 0 0
21 11 32
cfl=(1)
cfn=(4)
calls=1 0 0
22 13 0
cfl=(1)
cfn=(5)
calls=1 0 0
30 11 0
cfl=(1)
cfn=(5)
calls=1 0 0
37 7 0
cfl=(1)
cfn=(3)
calls=1 0 0
21 12 32
cfl=(1)
cfn=(4)
calls=1 0 0
22 12 0
cfl=(1)
cfn=(5)
calls=1 0 0
30 11 0
cfl=(1)
cfn=(5)
calls=1 0 0
37 7 0
cfl=(1)
cfn=(3)
calls=1 0 0
21 12 32
cfl=(1)
cfn=(4)
calls=1 0 0
22 13 0
cfl=(1)
cfn=(5)
calls=1 0 0
30 12 0
cfl=(1)
cfn=(5)
calls=1 0 0
37 7 0
cfl=(1)
cfn=(3)
calls=1 0 0
21 12 32
cfl=(1)
cfn=(4)
calls=1 0 0
22 15 0
cfl=(1)
cfn=(6)
calls=1 0 0
22 9 0
cfl=(2)
cfn=(7)
calls=1 0 0
23 19 0
cfl=(2)
cfn=(9)
calls=1 0 0
24 114 0
cfl=(2)
cfn=(7)
calls=1 0 0
24 10 0
cfl=(2)
cfn=(7)
calls=1 0 0
25 9 0
cfl=(1)
cfn=(5)
calls=1 0 0
37 13 0
cfl=(1)
cfn=(3)
calls=1 0 0
21 13 32
cfl=(1)
cfn=(4)
calls=1 0 0
22 14 0
cfl=(1)
cfn=(5)
calls=1 0 0
30 11 0
cfl=(1)
cfn=(5)
calls=1 0 0
37 7 0
cfl=(1)
cfn=(3)
calls=1 0 0
21 12 32
cfl=(1)
cfn=(4)
calls=1 0 0
22 12 0
cfl=(1)
cfn=(5)
calls=1 0 0
30 11 0
cfl=(1)
cfn=(5)
calls=1 0 0
37 7 0
cfl=(1)
cfn=(3)
calls=1 0 0
21 12 32
cfl=(1)
cfn=(4)
calls=1 0 0
22 12 0
cfl=(1)
cfn=(5)
calls=1 0 0
30 33 0
cfl=(1)
cfn=(5)
calls=1 0 0
37 7 0
cfl=(1)
cfn=(3)
calls=1 0 0
21 21 32
cfl=(1)
cfn=(4)
calls=1 0 0
22 30 0
cfl=(1)
cfn=(5)
calls=1 0 0
30 9 0
cfl=(1)
cfn=(5)
calls=1 0 0
37 7 0
cfl=(1)
cfn=(3)
calls=1 0 0
21 14 32
cfl=(1)
cfn=(4)
calls=1 0 0
22 16 0
cfl=(1)
cfn=(6)
calls=1 0 0
22 13 0
cfl=(2)
cfn=(7)
calls=1 0 0
23 46 0
cfl=(2)
cfn=(9)
calls=1 0 0
24 412 0
cfl=(2)
cfn=(7)
calls=1 0 0
24 14 0
cfl=(2)
cfn=(7)
calls=1 0 0
25 9 0
cfl=(1)
cfn=(5)
calls=1 0 0
37 17 0
cfl=(1)
cfn=(3)
calls=1 0 0
21 13 32
cfl=(1)
cfn=(4)
calls=1 0 0
22 21 0
cfl=(1)
cfn=(5)
calls=1 0 0
30 11 0
cfl=(1)
cfn=(5)
calls=1 0 0
37 7 0
cfl=(1)
cfn=(3)
calls=1 0 0
21 11 32
cfl=(1)
cfn=(4)
calls=1 0 0
22 12 0
cfl=(1)
cfn=(5)
calls=1 0 0
30 11 0
cfl=(1)
cfn=(5)
calls=1 0 0
37 7 0
cfl=(1)
cfn=(3)
calls=1 0 0
21 12 32
cfl=(1)
cfn=(4)
calls=1 0 0
22 12 0
cfl=(1)
cfn=(5)
calls=1 0 0
30 11 0
cfl=(1)
cfn=(5)
calls=1 0 0
37 7 0
cfl=(1)
cfn=(3)
calls=1 0 0
21 12 32
cfl=(1)
cfn=(4)
calls=1 0 0
22 12 0
cfl=(1)
cfn=(5)
calls=1 0 0
30 11 0
cfl=(1)
cfn=(5)
calls=1 0 0
37 7 0
cfl=(1)
cfn=(3)
calls=1 0 0
21 12 32
cfl=(1)
cfn=(4)
calls=1 0 0
22 14 0
cfl=(1)
cfn=(6)
calls=1 0 0
22 11 0
cfl=(2)
cfn=(7)
calls=1 0 0
23 21 0
cfl=(2)
cfn=(9)
calls=1 0 0
24 111 0
cfl=(2)
cfn=(7)
calls=1 0 0
24 10 0
cfl=(2)
cfn=(7)
calls=1 0 0
25 9 0
cfl=(1)
cfn=(5)
calls=1 0 0
37 12 0
cfl=(1)
cfn=(3)
calls=1 0 0
21 11 32
cfl=(1)
cfn=(4)
calls=1 0 0
22 15 0
cfl=(1)
cfn=(5)
calls=1 0 0
30 9 0
cfl=(1)
cfn=(5)
calls=1 0 0
37 7 0
cfl=(1)
cfn=(3)
calls=1 0 0
21 10 32
cfl=(1)
cfn=(4)
calls=1 0 0
22 14 0
cfl=(1)
cfn=(5)
calls=1 0 0
30 9 0
cfl=(1)
cfn=(5)
calls=1 0 0
37 7 0
cfl=(1)
cfn=(3)
calls=1 0 0
21 10 32
cfl=(1)
cfn=(4)
calls=1 0 0
22 12 0
cfl=(1)
cfn=(5)
calls=1 0 0
30 9 0
cfl=(1)
cfn=(5)
calls=1 0 0
37 7 0
cfl=(1)
cfn=(3)
calls=1 0 0
21 10 32
cfl=(1)
cfn=(4)
calls=1 0 0
22 12 0
cfl=(1)
cfn=(5)
calls=1 0 0
30 9 0
cfl=(1)
cfn=(5)
calls=1 0 0
37 7 0
cfl=(1)
cfn=(3)
calls=1 0 0
21 10 32
cfl=(1)
cfn=(4)
calls=1 0 0
22 14 0
cfl=(1)
cfn=(6)
calls=1 0 0
22 10 0
cfl=(2)
cfn=(7)
calls=1 0 0
23 18 0
cfl=(2)
cfn=(9)
calls=1 0 0
24 115 0
cfl=(2)
cfn=(7)
calls=1 0 0
24 10 0
cfl=(2)
cfn=(7)
calls=1 0 0
25 9 0
cfl=(1)
cfn=(5)
calls=1 0 0
37 13 0
cfl=(1)
cfn=(3)
calls=1 0 0
21 11 32
cfl=(1)
cfn=(4)
calls=1 0 0
22 15 0
cfl=(1)
cfn=(5)
calls=1 0 0
30 9 0
cfl=(1)
cfn=(5)
calls=1 0 0
37 7 0
cfl=(1)
cfn=(3)
calls=1 0 0
21 10 32
cfl=(1)
cfn=(4)
calls=1 0 0
22 12 0
cfl=(1)
cfn=(5)
calls=1 0 0
30 9 0
cfl=(1)
cfn=(5)
calls=1 0 0
37 7 0
cfl=(1)
cfn=(3)
calls=1 0 0
21 10 32
cfl=(1)
cfn=(4)
calls=1 0 0
22 12 0
cfl=(1)
cfn=(5)
calls=1 0 0
30 9 0
cfl=(1)
cfn=(5)
calls=1 0 0
37 7 0
cfl=(1)
cfn=(3)
calls=1 0 0
21 10 32
cfl=(1)
cfn=(4)
calls=1 0 0
22 13 0
cfl=(1)
cfn=(5)
calls=1 0 0
30 9 0
cfl=(1)
cfn=(5)
calls=1 0 0
37 7 0
cfl=(1)
cfn=(3)
calls=1 0 0
21 16 32
cfl=(1)
cfn=(4)
calls=1 0 0
22 12 0
cfl=(1)
cfn=(6)
calls=1 0 0
22 10 0
cfl=(2)
cfn=(7)
calls=1 0 0
23 19 0
cfl=(2)
cfn=(9)
calls=1 0 0
24 113 0
cfl=(2)
cfn=(7)
calls=1 0 0
24 11 0
cfl=(2)
cfn=(7)
calls=1 0 0
25 9 0
cfl=(1)
cfn=(5)
calls=1 0 0
37 29 0
cfl=(1)
cfn=(3)
calls=1 0 0
21 196 0
cfl=(1)
cfn=(4)
calls=1 0 0
22 33 0
cfl=(1)
cfn=(5)
calls=1 0 0
30 13 0
cfl=(1)
cfn=(6)
calls=1 0 0
30 13 0
cfl=(1)
cfn=(5)
calls=1 0 0
37 9 0
cfl=(2)
cfn=(10)
calls=1 0 0
42 50 0
cfl=(2)
cfn=(9)
calls=1 0 0
42 1494 0
cfl=(2)
cfn=(11)
calls=1 0 0
42 30 0
cfl=(2)
cfn=(12)
calls=1 0 0
42 19 0
cfl=(2)
cfn=(12)
calls=1 0 0
42 13 0
cfl=(2)
cfn=(10)
calls=1 0 0
42 24 0
cfl=(2)
cfn=(13)
calls=1 0 0
42 167 0
cfl=(1)
cfn=(14)
calls=1 0 0
46 288 0

summary: 93148 450632

