version: 1
creator: xdebug 3.0.4 (PHP 7.4.16)
cmd: /var/www/html/calc/profiling.php
part: 1
positions: line

events: Time_(10ns) Memory_(bytes)

fl=(2) /var/www/html/calc/math_lib.php
fn=(1) include::/var/www/html/calc/math_lib.php
1 189 0

fl=(1) php:internal
fn=(2) php::fopen
9 743 568

fl=(1)
fn=(3) php::fgetc
19 19070 8224

fl=(1)
fn=(4) php::IntlChar::isspace
20 1540 0

fl=(1)
fn=(5) php::feof
27 32 0

fl=(1)
fn=(5)
33 7 0

fl=(1)
fn=(3)
19 25 32

fl=(1)
fn=(4)
20 22 0

fl=(1)
fn=(5)
27 10 0

fl=(1)
fn=(5)
33 7 0

fl=(1)
fn=(3)
19 13 32

fl=(1)
fn=(4)
20 14 0

fl=(1)
fn=(5)
27 8 0

fl=(1)
fn=(5)
33 7 0

fl=(1)
fn=(3)
19 10 32

fl=(1)
fn=(4)
20 24 0

fl=(1)
fn=(6) php::trim
20 28 0

fl=(1)
fn=(7) php::array_push
21 85 376

fl=(2)
fn=(8) Calculator->Sum
106 85 0

fl=(1)
fn=(5)
33 23 0

fl=(1)
fn=(3)
19 18 32

fl=(1)
fn=(4)
20 47 0

fl=(1)
fn=(5)
27 9 0

fl=(1)
fn=(5)
33 7 0

fl=(1)
fn=(3)
19 10 32

fl=(1)
fn=(4)
20 12 0

fl=(1)
fn=(5)
27 8 0

fl=(1)
fn=(5)
33 7 0

fl=(1)
fn=(3)
19 10 32

fl=(1)
fn=(4)
20 12 0

fl=(1)
fn=(5)
27 9 0

fl=(1)
fn=(5)
33 7 0

fl=(1)
fn=(3)
19 10 32

fl=(1)
fn=(4)
20 12 0

fl=(1)
fn=(5)
27 8 0

fl=(1)
fn=(5)
33 7 0

fl=(1)
fn=(3)
19 10 32

fl=(1)
fn=(4)
20 15 0

fl=(1)
fn=(6)
20 19 0

fl=(1)
fn=(7)
21 14 0

fl=(2)
fn=(8)
106 9 0

fl=(1)
fn=(5)
33 12 0

fl=(1)
fn=(3)
19 10 32

fl=(1)
fn=(4)
20 12 0

fl=(1)
fn=(5)
27 9 0

fl=(1)
fn=(5)
33 7 0

fl=(1)
fn=(3)
19 11 32

fl=(1)
fn=(4)
20 12 0

fl=(1)
fn=(5)
27 9 0

fl=(1)
fn=(5)
33 7 0

fl=(1)
fn=(3)
19 10 32

fl=(1)
fn=(4)
20 12 0

fl=(1)
fn=(5)
27 8 0

fl=(1)
fn=(5)
33 7 0

fl=(1)
fn=(3)
19 10 32

fl=(1)
fn=(4)
20 12 0

fl=(1)
fn=(5)
27 8 0

fl=(1)
fn=(5)
33 7 0

fl=(1)
fn=(3)
19 10 32

fl=(1)
fn=(4)
20 14 0

fl=(1)
fn=(6)
20 10 0

fl=(1)
fn=(7)
21 13 0

fl=(2)
fn=(8)
106 9 0

fl=(1)
fn=(5)
33 12 0

fl=(1)
fn=(3)
19 10 32

fl=(1)
fn=(4)
20 12 0

fl=(1)
fn=(5)
27 9 0

fl=(1)
fn=(5)
33 7 0

fl=(1)
fn=(3)
19 10 32

fl=(1)
fn=(4)
20 12 0

fl=(1)
fn=(5)
27 10 0

fl=(1)
fn=(5)
33 7 0

fl=(1)
fn=(3)
19 10 32

fl=(1)
fn=(4)
20 12 0

fl=(1)
fn=(5)
27 9 0

fl=(1)
fn=(5)
33 7 0

fl=(1)
fn=(3)
19 10 32

fl=(1)
fn=(4)
20 12 0

fl=(1)
fn=(5)
27 9 0

fl=(1)
fn=(5)
33 7 0

fl=(1)
fn=(3)
19 10 32

fl=(1)
fn=(4)
20 14 0

fl=(1)
fn=(6)
20 13 0

fl=(1)
fn=(7)
21 11 0

fl=(2)
fn=(8)
106 9 0

fl=(1)
fn=(5)
33 11 0

fl=(1)
fn=(3)
19 10 32

fl=(1)
fn=(4)
20 12 0

fl=(1)
fn=(5)
27 9 0

fl=(1)
fn=(5)
33 7 0

fl=(1)
fn=(3)
19 10 32

fl=(1)
fn=(4)
20 14 0

fl=(1)
fn=(5)
27 8 0

fl=(1)
fn=(5)
33 7 0

fl=(1)
fn=(3)
19 11 32

fl=(1)
fn=(4)
20 14 0

fl=(1)
fn=(5)
27 8 0

fl=(1)
fn=(5)
33 7 0

fl=(1)
fn=(3)
19 12 32

fl=(1)
fn=(4)
20 14 0

fl=(1)
fn=(5)
27 8 0

fl=(1)
fn=(5)
33 7 0

fl=(1)
fn=(3)
19 14 32

fl=(1)
fn=(4)
20 17 0

fl=(1)
fn=(6)
20 11 0

fl=(1)
fn=(7)
21 14 0

fl=(2)
fn=(8)
106 9 0

fl=(1)
fn=(5)
33 11 0

fl=(1)
fn=(3)
19 10 32

fl=(1)
fn=(4)
20 12 0

fl=(1)
fn=(5)
27 9 0

fl=(1)
fn=(5)
33 7 0

fl=(1)
fn=(3)
19 9 32

fl=(1)
fn=(4)
20 12 0

fl=(1)
fn=(5)
27 9 0

fl=(1)
fn=(5)
33 7 0

fl=(1)
fn=(3)
19 10 32

fl=(1)
fn=(4)
20 12 0

fl=(1)
fn=(5)
27 9 0

fl=(1)
fn=(5)
33 7 0

fl=(1)
fn=(3)
19 10 32

fl=(1)
fn=(4)
20 12 0

fl=(1)
fn=(5)
27 9 0

fl=(1)
fn=(5)
33 7 0

fl=(1)
fn=(3)
19 10 32

fl=(1)
fn=(4)
20 14 0

fl=(1)
fn=(6)
20 9 0

fl=(1)
fn=(7)
21 9 0

fl=(2)
fn=(8)
106 10 0

fl=(1)
fn=(5)
33 11 0

fl=(1)
fn=(3)
19 10 32

fl=(1)
fn=(4)
20 13 0

fl=(1)
fn=(5)
27 9 0

fl=(1)
fn=(5)
33 7 0

fl=(1)
fn=(3)
19 10 32

fl=(1)
fn=(4)
20 13 0

fl=(1)
fn=(5)
27 8 0

fl=(1)
fn=(5)
33 7 0

fl=(1)
fn=(3)
19 10 32

fl=(1)
fn=(4)
20 12 0

fl=(1)
fn=(5)
27 8 0

fl=(1)
fn=(5)
33 7 0

fl=(1)
fn=(3)
19 10 32

fl=(1)
fn=(4)
20 12 0

fl=(1)
fn=(5)
27 8 0

fl=(1)
fn=(5)
33 7 0

fl=(1)
fn=(3)
19 10 32

fl=(1)
fn=(4)
20 14 0

fl=(1)
fn=(6)
20 10 0

fl=(1)
fn=(7)
21 11 0

fl=(2)
fn=(8)
106 9 0

fl=(1)
fn=(5)
33 10 0

fl=(1)
fn=(3)
19 10 32

fl=(1)
fn=(4)
20 13 0

fl=(1)
fn=(5)
27 9 0

fl=(1)
fn=(5)
33 7 0

fl=(1)
fn=(3)
19 10 32

fl=(1)
fn=(4)
20 12 0

fl=(1)
fn=(5)
27 9 0

fl=(1)
fn=(5)
33 7 0

fl=(1)
fn=(3)
19 10 32

fl=(1)
fn=(4)
20 12 0

fl=(1)
fn=(5)
27 8 0

fl=(1)
fn=(5)
33 7 0

fl=(1)
fn=(3)
19 10 32

fl=(1)
fn=(4)
20 12 0

fl=(1)
fn=(5)
27 9 0

fl=(1)
fn=(5)
33 7 0

fl=(1)
fn=(3)
19 10 32

fl=(1)
fn=(4)
20 15 0

fl=(1)
fn=(6)
20 10 0

fl=(1)
fn=(7)
21 29 0

fl=(2)
fn=(8)
106 24 0

fl=(1)
fn=(5)
33 20 0

fl=(1)
fn=(3)
19 23 32

fl=(1)
fn=(4)
20 32 0

fl=(1)
fn=(5)
27 14 0

fl=(1)
fn=(5)
33 13 0

fl=(1)
fn=(3)
19 14 32

fl=(1)
fn=(4)
20 20 0

fl=(1)
fn=(5)
27 13 0

fl=(1)
fn=(5)
33 11 0

fl=(1)
fn=(3)
19 15 32

fl=(1)
fn=(4)
20 17 0

fl=(1)
fn=(5)
27 12 0

fl=(1)
fn=(5)
33 9 0

fl=(1)
fn=(3)
19 12 32

fl=(1)
fn=(4)
20 25 0

fl=(1)
fn=(5)
27 11 0

fl=(1)
fn=(5)
33 9 0

fl=(1)
fn=(3)
19 18 32

fl=(1)
fn=(4)
20 49 0

fl=(1)
fn=(6)
20 23 0

fl=(1)
fn=(7)
21 159 320

fl=(2)
fn=(8)
106 25 0

fl=(1)
fn=(5)
33 20 0

fl=(1)
fn=(3)
19 16 32

fl=(1)
fn=(4)
20 21 0

fl=(1)
fn=(5)
27 14 0

fl=(1)
fn=(5)
33 7 0

fl=(1)
fn=(3)
19 12 32

fl=(1)
fn=(4)
20 14 0

fl=(1)
fn=(5)
27 9 0

fl=(1)
fn=(5)
33 7 0

fl=(1)
fn=(3)
19 10 32

fl=(1)
fn=(4)
20 12 0

fl=(1)
fn=(5)
27 9 0

fl=(1)
fn=(5)
33 7 0

fl=(1)
fn=(3)
19 10 32

fl=(1)
fn=(4)
20 12 0

fl=(1)
fn=(5)
27 9 0

fl=(1)
fn=(5)
33 7 0

fl=(1)
fn=(3)
19 15 32

fl=(1)
fn=(4)
20 12 0

fl=(1)
fn=(6)
20 12 0

fl=(1)
fn=(7)
21 17 0

fl=(2)
fn=(8)
106 16 0

fl=(1)
fn=(5)
33 28 0

fl=(1)
fn=(3)
19 227 0

fl=(1)
fn=(4)
20 38 0

fl=(1)
fn=(5)
27 15 0

fl=(1)
fn=(6)
27 14 0

fl=(1)
fn=(5)
33 9 0

fl=(2)
fn=(8)
106 102 0

fl=(2)
fn=(8)
106 18 0

fl=(2)
fn=(8)
106 13 0

fl=(2)
fn=(8)
106 14 0

fl=(2)
fn=(8)
106 14 0

fl=(2)
fn=(8)
106 13 0

fl=(2)
fn=(8)
106 13 0

fl=(2)
fn=(8)
106 19 0

fl=(2)
fn=(8)
106 14 0

fl=(2)
fn=(8)
106 14 0

fl=(2)
fn=(9) Calculator->Divide
34 61 0

fl=(2)
fn=(10) Calculator->Subtract
96 66 0

fl=(1)
fn=(11) php::pow
136 1464 0

fl=(2)
fn=(12) Calculator->Power
131 262 0
cfl=(1)
cfn=(11)
calls=1 0 0
136 1464 0

fl=(2)
fn=(10)
96 25 0

fl=(1)
fn=(11)
136 21 0

fl=(2)
fn=(12)
131 109 0
cfl=(1)
cfn=(11)
calls=1 0 0
136 21 0

fl=(2)
fn=(10)
96 17 0

fl=(1)
fn=(11)
136 26 0

fl=(2)
fn=(12)
131 85 0
cfl=(1)
cfn=(11)
calls=1 0 0
136 26 0

fl=(2)
fn=(10)
96 17 0

fl=(1)
fn=(11)
136 26 0

fl=(2)
fn=(12)
131 80 0
cfl=(1)
cfn=(11)
calls=1 0 0
136 26 0

fl=(2)
fn=(10)
96 17 0

fl=(1)
fn=(11)
136 18 0

fl=(2)
fn=(12)
131 77 0
cfl=(1)
cfn=(11)
calls=1 0 0
136 18 0

fl=(2)
fn=(10)
96 16 0

fl=(1)
fn=(11)
136 19 0

fl=(2)
fn=(12)
131 75 0
cfl=(1)
cfn=(11)
calls=1 0 0
136 19 0

fl=(2)
fn=(10)
96 16 0

fl=(1)
fn=(11)
136 20 0

fl=(2)
fn=(12)
131 75 0
cfl=(1)
cfn=(11)
calls=1 0 0
136 20 0

fl=(2)
fn=(10)
96 16 0

fl=(1)
fn=(11)
136 12 0

fl=(2)
fn=(12)
131 75 0
cfl=(1)
cfn=(11)
calls=1 0 0
136 12 0

fl=(2)
fn=(10)
96 16 0

fl=(1)
fn=(11)
136 24 0

fl=(2)
fn=(12)
131 76 0
cfl=(1)
cfn=(11)
calls=1 0 0
136 24 0

fl=(2)
fn=(10)
96 16 0

fl=(1)
fn=(11)
136 12 0

fl=(2)
fn=(12)
131 74 0
cfl=(1)
cfn=(11)
calls=1 0 0
136 12 0

fl=(2)
fn=(9)
34 29 0

fl=(1)
fn=(11)
163 29 0

fl=(2)
fn=(13) Calculator->Root
149 353 0
cfl=(1)
cfn=(11)
calls=1 0 0
163 29 0

fl=(1)
fn=(14) php::fclose
54 181 0

fl=(3) /var/www/html/calc/profiling.php
fn=(15) {main}
1 115626 0
cfl=(2)
cfn=(1)
calls=1 0 0
3 189 0
cfl=(1)
cfn=(2)
calls=1 0 0
9 743 568
cfl=(1)
cfn=(3)
calls=1 0 0
19 19070 8224
cfl=(1)
cfn=(4)
calls=1 0 0
20 1540 0
cfl=(1)
cfn=(5)
calls=1 0 0
27 32 0
cfl=(1)
cfn=(5)
calls=1 0 0
33 7 0
cfl=(1)
cfn=(3)
calls=1 0 0
19 25 32
cfl=(1)
cfn=(4)
calls=1 0 0
20 22 0
cfl=(1)
cfn=(5)
calls=1 0 0
27 10 0
cfl=(1)
cfn=(5)
calls=1 0 0
33 7 0
cfl=(1)
cfn=(3)
calls=1 0 0
19 13 32
cfl=(1)
cfn=(4)
calls=1 0 0
20 14 0
cfl=(1)
cfn=(5)
calls=1 0 0
27 8 0
cfl=(1)
cfn=(5)
calls=1 0 0
33 7 0
cfl=(1)
cfn=(3)
calls=1 0 0
19 10 32
cfl=(1)
cfn=(4)
calls=1 0 0
20 24 0
cfl=(1)
cfn=(6)
calls=1 0 0
20 28 0
cfl=(1)
cfn=(7)
calls=1 0 0
21 85 376
cfl=(2)
cfn=(8)
calls=1 0 0
22 85 0
cfl=(1)
cfn=(5)
calls=1 0 0
33 23 0
cfl=(1)
cfn=(3)
calls=1 0 0
19 18 32
cfl=(1)
cfn=(4)
calls=1 0 0
20 47 0
cfl=(1)
cfn=(5)
calls=1 0 0
27 9 0
cfl=(1)
cfn=(5)
calls=1 0 0
33 7 0
cfl=(1)
cfn=(3)
calls=1 0 0
19 10 32
cfl=(1)
cfn=(4)
calls=1 0 0
20 12 0
cfl=(1)
cfn=(5)
calls=1 0 0
27 8 0
cfl=(1)
cfn=(5)
calls=1 0 0
33 7 0
cfl=(1)
cfn=(3)
calls=1 0 0
19 10 32
cfl=(1)
cfn=(4)
calls=1 0 0
20 12 0
cfl=(1)
cfn=(5)
calls=1 0 0
27 9 0
cfl=(1)
cfn=(5)
calls=1 0 0
33 7 0
cfl=(1)
cfn=(3)
calls=1 0 0
19 10 32
cfl=(1)
cfn=(4)
calls=1 0 0
20 12 0
cfl=(1)
cfn=(5)
calls=1 0 0
27 8 0
cfl=(1)
cfn=(5)
calls=1 0 0
33 7 0
cfl=(1)
cfn=(3)
calls=1 0 0
19 10 32
cfl=(1)
cfn=(4)
calls=1 0 0
20 15 0
cfl=(1)
cfn=(6)
calls=1 0 0
20 19 0
cfl=(1)
cfn=(7)
calls=1 0 0
21 14 0
cfl=(2)
cfn=(8)
calls=1 0 0
22 9 0
cfl=(1)
cfn=(5)
calls=1 0 0
33 12 0
cfl=(1)
cfn=(3)
calls=1 0 0
19 10 32
cfl=(1)
cfn=(4)
calls=1 0 0
20 12 0
cfl=(1)
cfn=(5)
calls=1 0 0
27 9 0
cfl=(1)
cfn=(5)
calls=1 0 0
33 7 0
cfl=(1)
cfn=(3)
calls=1 0 0
19 11 32
cfl=(1)
cfn=(4)
calls=1 0 0
20 12 0
cfl=(1)
cfn=(5)
calls=1 0 0
27 9 0
cfl=(1)
cfn=(5)
calls=1 0 0
33 7 0
cfl=(1)
cfn=(3)
calls=1 0 0
19 10 32
cfl=(1)
cfn=(4)
calls=1 0 0
20 12 0
cfl=(1)
cfn=(5)
calls=1 0 0
27 8 0
cfl=(1)
cfn=(5)
calls=1 0 0
33 7 0
cfl=(1)
cfn=(3)
calls=1 0 0
19 10 32
cfl=(1)
cfn=(4)
calls=1 0 0
20 12 0
cfl=(1)
cfn=(5)
calls=1 0 0
27 8 0
cfl=(1)
cfn=(5)
calls=1 0 0
33 7 0
cfl=(1)
cfn=(3)
calls=1 0 0
19 10 32
cfl=(1)
cfn=(4)
calls=1 0 0
20 14 0
cfl=(1)
cfn=(6)
calls=1 0 0
20 10 0
cfl=(1)
cfn=(7)
calls=1 0 0
21 13 0
cfl=(2)
cfn=(8)
calls=1 0 0
22 9 0
cfl=(1)
cfn=(5)
calls=1 0 0
33 12 0
cfl=(1)
cfn=(3)
calls=1 0 0
19 10 32
cfl=(1)
cfn=(4)
calls=1 0 0
20 12 0
cfl=(1)
cfn=(5)
calls=1 0 0
27 9 0
cfl=(1)
cfn=(5)
calls=1 0 0
33 7 0
cfl=(1)
cfn=(3)
calls=1 0 0
19 10 32
cfl=(1)
cfn=(4)
calls=1 0 0
20 12 0
cfl=(1)
cfn=(5)
calls=1 0 0
27 10 0
cfl=(1)
cfn=(5)
calls=1 0 0
33 7 0
cfl=(1)
cfn=(3)
calls=1 0 0
19 10 32
cfl=(1)
cfn=(4)
calls=1 0 0
20 12 0
cfl=(1)
cfn=(5)
calls=1 0 0
27 9 0
cfl=(1)
cfn=(5)
calls=1 0 0
33 7 0
cfl=(1)
cfn=(3)
calls=1 0 0
19 10 32
cfl=(1)
cfn=(4)
calls=1 0 0
20 12 0
cfl=(1)
cfn=(5)
calls=1 0 0
27 9 0
cfl=(1)
cfn=(5)
calls=1 0 0
33 7 0
cfl=(1)
cfn=(3)
calls=1 0 0
19 10 32
cfl=(1)
cfn=(4)
calls=1 0 0
20 14 0
cfl=(1)
cfn=(6)
calls=1 0 0
20 13 0
cfl=(1)
cfn=(7)
calls=1 0 0
21 11 0
cfl=(2)
cfn=(8)
calls=1 0 0
22 9 0
cfl=(1)
cfn=(5)
calls=1 0 0
33 11 0
cfl=(1)
cfn=(3)
calls=1 0 0
19 10 32
cfl=(1)
cfn=(4)
calls=1 0 0
20 12 0
cfl=(1)
cfn=(5)
calls=1 0 0
27 9 0
cfl=(1)
cfn=(5)
calls=1 0 0
33 7 0
cfl=(1)
cfn=(3)
calls=1 0 0
19 10 32
cfl=(1)
cfn=(4)
calls=1 0 0
20 14 0
cfl=(1)
cfn=(5)
calls=1 0 0
27 8 0
cfl=(1)
cfn=(5)
calls=1 0 0
33 7 0
cfl=(1)
cfn=(3)
calls=1 0 0
19 11 32
cfl=(1)
cfn=(4)
calls=1 0 0
20 14 0
cfl=(1)
cfn=(5)
calls=1 0 0
27 8 0
cfl=(1)
cfn=(5)
calls=1 0 0
33 7 0
cfl=(1)
cfn=(3)
calls=1 0 0
19 12 32
cfl=(1)
cfn=(4)
calls=1 0 0
20 14 0
cfl=(1)
cfn=(5)
calls=1 0 0
27 8 0
cfl=(1)
cfn=(5)
calls=1 0 0
33 7 0
cfl=(1)
cfn=(3)
calls=1 0 0
19 14 32
cfl=(1)
cfn=(4)
calls=1 0 0
20 17 0
cfl=(1)
cfn=(6)
calls=1 0 0
20 11 0
cfl=(1)
cfn=(7)
calls=1 0 0
21 14 0
cfl=(2)
cfn=(8)
calls=1 0 0
22 9 0
cfl=(1)
cfn=(5)
calls=1 0 0
33 11 0
cfl=(1)
cfn=(3)
calls=1 0 0
19 10 32
cfl=(1)
cfn=(4)
calls=1 0 0
20 12 0
cfl=(1)
cfn=(5)
calls=1 0 0
27 9 0
cfl=(1)
cfn=(5)
calls=1 0 0
33 7 0
cfl=(1)
cfn=(3)
calls=1 0 0
19 9 32
cfl=(1)
cfn=(4)
calls=1 0 0
20 12 0
cfl=(1)
cfn=(5)
calls=1 0 0
27 9 0
cfl=(1)
cfn=(5)
calls=1 0 0
33 7 0
cfl=(1)
cfn=(3)
calls=1 0 0
19 10 32
cfl=(1)
cfn=(4)
calls=1 0 0
20 12 0
cfl=(1)
cfn=(5)
calls=1 0 0
27 9 0
cfl=(1)
cfn=(5)
calls=1 0 0
33 7 0
cfl=(1)
cfn=(3)
calls=1 0 0
19 10 32
cfl=(1)
cfn=(4)
calls=1 0 0
20 12 0
cfl=(1)
cfn=(5)
calls=1 0 0
27 9 0
cfl=(1)
cfn=(5)
calls=1 0 0
33 7 0
cfl=(1)
cfn=(3)
calls=1 0 0
19 10 32
cfl=(1)
cfn=(4)
calls=1 0 0
20 14 0
cfl=(1)
cfn=(6)
calls=1 0 0
20 9 0
cfl=(1)
cfn=(7)
calls=1 0 0
21 9 0
cfl=(2)
cfn=(8)
calls=1 0 0
22 10 0
cfl=(1)
cfn=(5)
calls=1 0 0
33 11 0
cfl=(1)
cfn=(3)
calls=1 0 0
19 10 32
cfl=(1)
cfn=(4)
calls=1 0 0
20 13 0
cfl=(1)
cfn=(5)
calls=1 0 0
27 9 0
cfl=(1)
cfn=(5)
calls=1 0 0
33 7 0
cfl=(1)
cfn=(3)
calls=1 0 0
19 10 32
cfl=(1)
cfn=(4)
calls=1 0 0
20 13 0
cfl=(1)
cfn=(5)
calls=1 0 0
27 8 0
cfl=(1)
cfn=(5)
calls=1 0 0
33 7 0
cfl=(1)
cfn=(3)
calls=1 0 0
19 10 32
cfl=(1)
cfn=(4)
calls=1 0 0
20 12 0
cfl=(1)
cfn=(5)
calls=1 0 0
27 8 0
cfl=(1)
cfn=(5)
calls=1 0 0
33 7 0
cfl=(1)
cfn=(3)
calls=1 0 0
19 10 32
cfl=(1)
cfn=(4)
calls=1 0 0
20 12 0
cfl=(1)
cfn=(5)
calls=1 0 0
27 8 0
cfl=(1)
cfn=(5)
calls=1 0 0
33 7 0
cfl=(1)
cfn=(3)
calls=1 0 0
19 10 32
cfl=(1)
cfn=(4)
calls=1 0 0
20 14 0
cfl=(1)
cfn=(6)
calls=1 0 0
20 10 0
cfl=(1)
cfn=(7)
calls=1 0 0
21 11 0
cfl=(2)
cfn=(8)
calls=1 0 0
22 9 0
cfl=(1)
cfn=(5)
calls=1 0 0
33 10 0
cfl=(1)
cfn=(3)
calls=1 0 0
19 10 32
cfl=(1)
cfn=(4)
calls=1 0 0
20 13 0
cfl=(1)
cfn=(5)
calls=1 0 0
27 9 0
cfl=(1)
cfn=(5)
calls=1 0 0
33 7 0
cfl=(1)
cfn=(3)
calls=1 0 0
19 10 32
cfl=(1)
cfn=(4)
calls=1 0 0
20 12 0
cfl=(1)
cfn=(5)
calls=1 0 0
27 9 0
cfl=(1)
cfn=(5)
calls=1 0 0
33 7 0
cfl=(1)
cfn=(3)
calls=1 0 0
19 10 32
cfl=(1)
cfn=(4)
calls=1 0 0
20 12 0
cfl=(1)
cfn=(5)
calls=1 0 0
27 8 0
cfl=(1)
cfn=(5)
calls=1 0 0
33 7 0
cfl=(1)
cfn=(3)
calls=1 0 0
19 10 32
cfl=(1)
cfn=(4)
calls=1 0 0
20 12 0
cfl=(1)
cfn=(5)
calls=1 0 0
27 9 0
cfl=(1)
cfn=(5)
calls=1 0 0
33 7 0
cfl=(1)
cfn=(3)
calls=1 0 0
19 10 32
cfl=(1)
cfn=(4)
calls=1 0 0
20 15 0
cfl=(1)
cfn=(6)
calls=1 0 0
20 10 0
cfl=(1)
cfn=(7)
calls=1 0 0
21 29 0
cfl=(2)
cfn=(8)
calls=1 0 0
22 24 0
cfl=(1)
cfn=(5)
calls=1 0 0
33 20 0
cfl=(1)
cfn=(3)
calls=1 0 0
19 23 32
cfl=(1)
cfn=(4)
calls=1 0 0
20 32 0
cfl=(1)
cfn=(5)
calls=1 0 0
27 14 0
cfl=(1)
cfn=(5)
calls=1 0 0
33 13 0
cfl=(1)
cfn=(3)
calls=1 0 0
19 14 32
cfl=(1)
cfn=(4)
calls=1 0 0
20 20 0
cfl=(1)
cfn=(5)
calls=1 0 0
27 13 0
cfl=(1)
cfn=(5)
calls=1 0 0
33 11 0
cfl=(1)
cfn=(3)
calls=1 0 0
19 15 32
cfl=(1)
cfn=(4)
calls=1 0 0
20 17 0
cfl=(1)
cfn=(5)
calls=1 0 0
27 12 0
cfl=(1)
cfn=(5)
calls=1 0 0
33 9 0
cfl=(1)
cfn=(3)
calls=1 0 0
19 12 32
cfl=(1)
cfn=(4)
calls=1 0 0
20 25 0
cfl=(1)
cfn=(5)
calls=1 0 0
27 11 0
cfl=(1)
cfn=(5)
calls=1 0 0
33 9 0
cfl=(1)
cfn=(3)
calls=1 0 0
19 18 32
cfl=(1)
cfn=(4)
calls=1 0 0
20 49 0
cfl=(1)
cfn=(6)
calls=1 0 0
20 23 0
cfl=(1)
cfn=(7)
calls=1 0 0
21 159 320
cfl=(2)
cfn=(8)
calls=1 0 0
22 25 0
cfl=(1)
cfn=(5)
calls=1 0 0
33 20 0
cfl=(1)
cfn=(3)
calls=1 0 0
19 16 32
cfl=(1)
cfn=(4)
calls=1 0 0
20 21 0
cfl=(1)
cfn=(5)
calls=1 0 0
27 14 0
cfl=(1)
cfn=(5)
calls=1 0 0
33 7 0
cfl=(1)
cfn=(3)
calls=1 0 0
19 12 32
cfl=(1)
cfn=(4)
calls=1 0 0
20 14 0
cfl=(1)
cfn=(5)
calls=1 0 0
27 9 0
cfl=(1)
cfn=(5)
calls=1 0 0
33 7 0
cfl=(1)
cfn=(3)
calls=1 0 0
19 10 32
cfl=(1)
cfn=(4)
calls=1 0 0
20 12 0
cfl=(1)
cfn=(5)
calls=1 0 0
27 9 0
cfl=(1)
cfn=(5)
calls=1 0 0
33 7 0
cfl=(1)
cfn=(3)
calls=1 0 0
19 10 32
cfl=(1)
cfn=(4)
calls=1 0 0
20 12 0
cfl=(1)
cfn=(5)
calls=1 0 0
27 9 0
cfl=(1)
cfn=(5)
calls=1 0 0
33 7 0
cfl=(1)
cfn=(3)
calls=1 0 0
19 15 32
cfl=(1)
cfn=(4)
calls=1 0 0
20 12 0
cfl=(1)
cfn=(6)
calls=1 0 0
20 12 0
cfl=(1)
cfn=(7)
calls=1 0 0
21 17 0
cfl=(2)
cfn=(8)
calls=1 0 0
22 16 0
cfl=(1)
cfn=(5)
calls=1 0 0
33 28 0
cfl=(1)
cfn=(3)
calls=1 0 0
19 227 0
cfl=(1)
cfn=(4)
calls=1 0 0
20 38 0
cfl=(1)
cfn=(5)
calls=1 0 0
27 15 0
cfl=(1)
cfn=(6)
calls=1 0 0
27 14 0
cfl=(1)
cfn=(5)
calls=1 0 0
33 9 0
cfl=(2)
cfn=(8)
calls=1 0 0
40 102 0
cfl=(2)
cfn=(8)
calls=1 0 0
40 18 0
cfl=(2)
cfn=(8)
calls=1 0 0
40 13 0
cfl=(2)
cfn=(8)
calls=1 0 0
40 14 0
cfl=(2)
cfn=(8)
calls=1 0 0
40 14 0
cfl=(2)
cfn=(8)
calls=1 0 0
40 13 0
cfl=(2)
cfn=(8)
calls=1 0 0
40 13 0
cfl=(2)
cfn=(8)
calls=1 0 0
40 19 0
cfl=(2)
cfn=(8)
calls=1 0 0
40 14 0
cfl=(2)
cfn=(8)
calls=1 0 0
40 14 0
cfl=(2)
cfn=(9)
calls=1 0 0
42 61 0
cfl=(2)
cfn=(10)
calls=1 0 0
47 66 0
cfl=(2)
cfn=(12)
calls=1 0 0
47 1726 0
cfl=(2)
cfn=(10)
calls=1 0 0
47 25 0
cfl=(2)
cfn=(12)
calls=1 0 0
47 130 0
cfl=(2)
cfn=(10)
calls=1 0 0
47 17 0
cfl=(2)
cfn=(12)
calls=1 0 0
47 111 0
cfl=(2)
cfn=(10)
calls=1 0 0
47 17 0
cfl=(2)
cfn=(12)
calls=1 0 0
47 106 0
cfl=(2)
cfn=(10)
calls=1 0 0
47 17 0
cfl=(2)
cfn=(12)
calls=1 0 0
47 95 0
cfl=(2)
cfn=(10)
calls=1 0 0
47 16 0
cfl=(2)
cfn=(12)
calls=1 0 0
47 94 0
cfl=(2)
cfn=(10)
calls=1 0 0
47 16 0
cfl=(2)
cfn=(12)
calls=1 0 0
47 95 0
cfl=(2)
cfn=(10)
calls=1 0 0
47 16 0
cfl=(2)
cfn=(12)
calls=1 0 0
47 87 0
cfl=(2)
cfn=(10)
calls=1 0 0
47 16 0
cfl=(2)
cfn=(12)
calls=1 0 0
47 100 0
cfl=(2)
cfn=(10)
calls=1 0 0
47 16 0
cfl=(2)
cfn=(12)
calls=1 0 0
47 86 0
cfl=(2)
cfn=(9)
calls=1 0 0
50 29 0
cfl=(2)
cfn=(13)
calls=1 0 0
50 382 0
cfl=(1)
cfn=(14)
calls=1 0 0
54 181 0

summary: 157963 450472

